----------------------------------------------------------------
2016-06-07 18:00:23.512 GMT:
 Booting Derby version The Apache Software Foundation - Apache Derby - 10.5.3.0 - (802917): instance a816c00e-0155-2c05-c437-00000d57f7a8
on database directory /Users/juantorres/Documents/desarrollo/tecnologias/JCR/jackrabbit/version/db  

Database Class Loader started - derby.database.classpath=''
----------------------------------------------------------------
2016-06-07 18:00:24.096 GMT:
 Booting Derby version The Apache Software Foundation - Apache Derby - 10.5.3.0 - (802917): instance 888c4022-0155-2c05-c437-00000d57f7a8
on database directory /Users/juantorres/Documents/desarrollo/tecnologias/JCR/jackrabbit/workspaces/default/db  

Database Class Loader started - derby.database.classpath=''
----------------------------------------------------------------
2016-06-07 18:00:24.695 GMT:
 Booting Derby version The Apache Software Foundation - Apache Derby - 10.5.3.0 - (802917): instance 6965c036-0155-2c05-c437-00000d57f7a8
on database directory /Users/juantorres/Documents/desarrollo/tecnologias/JCR/jackrabbit/workspaces/security/db  

Database Class Loader started - derby.database.classpath=''

2016-06-07 18:00:25.269 GMT:
Shutting down instance 888c4022-0155-2c05-c437-00000d57f7a8
----------------------------------------------------------------

2016-06-07 18:00:25.304 GMT:
Shutting down instance 6965c036-0155-2c05-c437-00000d57f7a8
----------------------------------------------------------------

2016-06-07 18:00:25.337 GMT:
Shutting down instance a816c00e-0155-2c05-c437-00000d57f7a8
----------------------------------------------------------------
